<?xml version="1.0" encoding="UTF-8"?>
<testsuite xmlns:xsi="http://www.w3.org/2001/XMLSchema-instance" xsi:noNamespaceSchemaLocation="https://maven.apache.org/surefire/maven-surefire-plugin/xsd/surefire-test-report.xsd" name="com.bolat.util.StringUtil_GetRandomText_TestCase" time="0.036" tests="9" errors="0" skipped="0" failures="0">
  <properties>
    <property name="java.specification.version" value="17"/>
    <property name="sun.jnu.encoding" value="UTF-8"/>
    <property name="java.class.path" value="/Users/bolat/Codes/java-util-packages/src/UtilLib/target/test-classes:/Users/bolat/Codes/java-util-packages/src/UtilLib/target/classes:/Users/bolat/.m2/repository/junit/junit/4.13.2/junit-4.13.2.jar:/Users/bolat/.m2/repository/org/hamcrest/hamcrest-core/2.2/hamcrest-core-2.2.jar:/Users/bolat/.m2/repository/org/hamcrest/hamcrest/2.2/hamcrest-2.2.jar:/Users/bolat/.m2/repository/com/bolat/com-bolat-util-tuple/1.0.0/com-bolat-util-tuple-1.0.0.jar:"/>
    <property name="java.vm.vendor" value="Oracle Corporation"/>
    <property name="sun.arch.data.model" value="64"/>
    <property name="java.vendor.url" value="https://java.oracle.com/"/>
    <property name="os.name" value="Mac OS X"/>
    <property name="java.vm.specification.version" value="17"/>
    <property name="sun.java.launcher" value="SUN_STANDARD"/>
    <property name="user.country" value="GB"/>
    <property name="sun.boot.library.path" value="/Library/Java/JavaVirtualMachines/jdk-17.jdk/Contents/Home/lib"/>
    <property name="sun.java.command" value="/Users/bolat/Codes/java-util-packages/src/UtilLib/target/surefire/surefirebooter11758884903631186700.jar /Users/bolat/Codes/java-util-packages/src/UtilLib/target/surefire 2023-10-01T14-38-22_525-jvmRun1 surefire3761775782309527682tmp surefire_01062084159768324066tmp"/>
    <property name="http.nonProxyHosts" value="local|*.local|169.254/16|*.169.254/16"/>
    <property name="jdk.debug" value="release"/>
    <property name="surefire.test.class.path" value="/Users/bolat/Codes/java-util-packages/src/UtilLib/target/test-classes:/Users/bolat/Codes/java-util-packages/src/UtilLib/target/classes:/Users/bolat/.m2/repository/junit/junit/4.13.2/junit-4.13.2.jar:/Users/bolat/.m2/repository/org/hamcrest/hamcrest-core/2.2/hamcrest-core-2.2.jar:/Users/bolat/.m2/repository/org/hamcrest/hamcrest/2.2/hamcrest-2.2.jar:/Users/bolat/.m2/repository/com/bolat/com-bolat-util-tuple/1.0.0/com-bolat-util-tuple-1.0.0.jar:"/>
    <property name="sun.cpu.endian" value="little"/>
    <property name="user.home" value="/Users/bolat"/>
    <property name="user.language" value="en"/>
    <property name="java.specification.vendor" value="Oracle Corporation"/>
    <property name="java.version.date" value="2023-07-18"/>
    <property name="java.home" value="/Library/Java/JavaVirtualMachines/jdk-17.jdk/Contents/Home"/>
    <property name="file.separator" value="/"/>
    <property name="basedir" value="/Users/bolat/Codes/java-util-packages/src/UtilLib"/>
    <property name="java.vm.compressedOopsMode" value="Zero based"/>
    <property name="line.separator" value="&#10;"/>
    <property name="java.specification.name" value="Java Platform API Specification"/>
    <property name="java.vm.specification.vendor" value="Oracle Corporation"/>
    <property name="surefire.real.class.path" value="/Users/bolat/Codes/java-util-packages/src/UtilLib/target/surefire/surefirebooter11758884903631186700.jar"/>
    <property name="sun.management.compiler" value="HotSpot 64-Bit Tiered Compilers"/>
    <property name="ftp.nonProxyHosts" value="local|*.local|169.254/16|*.169.254/16"/>
    <property name="java.runtime.version" value="17.0.8+9-LTS-211"/>
    <property name="user.name" value="bolat"/>
    <property name="path.separator" value=":"/>
    <property name="os.version" value="13.5"/>
    <property name="java.runtime.name" value="Java(TM) SE Runtime Environment"/>
    <property name="file.encoding" value="UTF-8"/>
    <property name="java.vm.name" value="Java HotSpot(TM) 64-Bit Server VM"/>
    <property name="localRepository" value="/Users/bolat/.m2/repository"/>
    <property name="java.vendor.url.bug" value="https://bugreport.java.com/bugreport/"/>
    <property name="java.io.tmpdir" value="/var/folders/nt/1d07qfr95wd5bp61ydvkknjw0000gn/T/"/>
    <property name="idea.version" value="2022.1.3"/>
    <property name="java.version" value="17.0.8"/>
    <property name="user.dir" value="/Users/bolat/Codes/java-util-packages/src/UtilLib"/>
    <property name="os.arch" value="aarch64"/>
    <property name="java.vm.specification.name" value="Java Virtual Machine Specification"/>
    <property name="native.encoding" value="UTF-8"/>
    <property name="java.library.path" value="/Users/bolat/Library/Java/Extensions:/Library/Java/Extensions:/Network/Library/Java/Extensions:/System/Library/Java/Extensions:/usr/lib/java:."/>
    <property name="java.vm.info" value="mixed mode, sharing"/>
    <property name="java.vendor" value="Oracle Corporation"/>
    <property name="java.vm.version" value="17.0.8+9-LTS-211"/>
    <property name="sun.io.unicode.encoding" value="UnicodeBig"/>
    <property name="socksNonProxyHosts" value="local|*.local|169.254/16|*.169.254/16"/>
    <property name="java.class.version" value="61.0"/>
  </properties>
  <testcase name="test_getRandomText[0]" classname="com.bolat.util.StringUtil_GetRandomText_TestCase" time="0.003"/>
  <testcase name="test_getRandomText[1]" classname="com.bolat.util.StringUtil_GetRandomText_TestCase" time="0"/>
  <testcase name="test_getRandomText[2]" classname="com.bolat.util.StringUtil_GetRandomText_TestCase" time="0"/>
  <testcase name="test_getRandomText[3]" classname="com.bolat.util.StringUtil_GetRandomText_TestCase" time="0"/>
  <testcase name="test_getRandomText[4]" classname="com.bolat.util.StringUtil_GetRandomText_TestCase" time="0"/>
  <testcase name="test_getRandomText[5]" classname="com.bolat.util.StringUtil_GetRandomText_TestCase" time="0.001"/>
  <testcase name="test_getRandomText[6]" classname="com.bolat.util.StringUtil_GetRandomText_TestCase" time="0"/>
  <testcase name="test_getRandomText[7]" classname="com.bolat.util.StringUtil_GetRandomText_TestCase" time="0"/>
  <testcase name="test_getRandomText[8]" classname="com.bolat.util.StringUtil_GetRandomText_TestCase" time="0.001"/>
</testsuite>